
66. Printing statistics.

=== accel_ip_top ===

   Number of wires:              69940
   Number of wire bits:          70034
   Number of public wires:       16962
   Number of public wire bits:   17056
   Number of memories:               0
   Number of memory bits:            0
   Number of processes:              0
   Number of cells:              69963
     sky130_fd_sc_hd__a2111o_2       2
     sky130_fd_sc_hd__a2111oi_2      1
     sky130_fd_sc_hd__a211o_2       46
     sky130_fd_sc_hd__a211oi_2      71
     sky130_fd_sc_hd__a21bo_2       58
     sky130_fd_sc_hd__a21boi_2      19
     sky130_fd_sc_hd__a21o_2       789
     sky130_fd_sc_hd__a21oi_2      355
     sky130_fd_sc_hd__a221o_2        8
     sky130_fd_sc_hd__a22o_2       177
     sky130_fd_sc_hd__a22oi_2       24
     sky130_fd_sc_hd__a2bb2o_2       5
     sky130_fd_sc_hd__a311o_2      262
     sky130_fd_sc_hd__a311oi_2      68
     sky130_fd_sc_hd__a31o_2       699
     sky130_fd_sc_hd__a31oi_2       11
     sky130_fd_sc_hd__a32o_2        22
     sky130_fd_sc_hd__a32oi_2        4
     sky130_fd_sc_hd__a41o_2         5
     sky130_fd_sc_hd__and2_2       143
     sky130_fd_sc_hd__and2b_2       59
     sky130_fd_sc_hd__and3_2       213
     sky130_fd_sc_hd__and3b_2        4
     sky130_fd_sc_hd__and4_2        53
     sky130_fd_sc_hd__and4b_2        4
     sky130_fd_sc_hd__and4bb_2       1
     sky130_fd_sc_hd__buf_1      22218
     sky130_fd_sc_hd__conb_1         5
     sky130_fd_sc_hd__dfrtp_2      557
     sky130_fd_sc_hd__dfstp_2        1
     sky130_fd_sc_hd__dfxtp_2    16384
     sky130_fd_sc_hd__inv_2         62
     sky130_fd_sc_hd__mux2_2     18846
     sky130_fd_sc_hd__mux4_2      3584
     sky130_fd_sc_hd__nand2_2     1781
     sky130_fd_sc_hd__nand3_2       74
     sky130_fd_sc_hd__nand3b_2       3
     sky130_fd_sc_hd__nand4_2       30
     sky130_fd_sc_hd__nand4b_2       2
     sky130_fd_sc_hd__nor2_2       696
     sky130_fd_sc_hd__nor2b_2        4
     sky130_fd_sc_hd__nor3_2        29
     sky130_fd_sc_hd__nor3b_2        7
     sky130_fd_sc_hd__nor4_2         1
     sky130_fd_sc_hd__o2111a_2       1
     sky130_fd_sc_hd__o2111ai_2      2
     sky130_fd_sc_hd__o211a_2      268
     sky130_fd_sc_hd__o211ai_2      13
     sky130_fd_sc_hd__o21a_2        63
     sky130_fd_sc_hd__o21ai_2      668
     sky130_fd_sc_hd__o21ba_2      146
     sky130_fd_sc_hd__o21bai_2      17
     sky130_fd_sc_hd__o221a_2       64
     sky130_fd_sc_hd__o221ai_2       1
     sky130_fd_sc_hd__o22a_2         7
     sky130_fd_sc_hd__o22ai_2        3
     sky130_fd_sc_hd__o2bb2a_2       4
     sky130_fd_sc_hd__o311a_2      261
     sky130_fd_sc_hd__o311ai_2       1
     sky130_fd_sc_hd__o31a_2         5
     sky130_fd_sc_hd__o31ai_2        9
     sky130_fd_sc_hd__o32a_2         4
     sky130_fd_sc_hd__o41a_2         2
     sky130_fd_sc_hd__or2_2        447
     sky130_fd_sc_hd__or2b_2        50
     sky130_fd_sc_hd__or3_2        196
     sky130_fd_sc_hd__or3b_2        22
     sky130_fd_sc_hd__or4_2         21
     sky130_fd_sc_hd__or4b_2         6
     sky130_fd_sc_hd__or4bb_2        1
     sky130_fd_sc_hd__xnor2_2      207
     sky130_fd_sc_hd__xor2_2        87

   Chip area for module '\accel_ip_top': 810639.968000

